# JRE version: OpenJDK Runtime Environment (17.0.10) (build 17.0.10+0--11572160)
# Java VM: OpenJDK 64-Bit Server VM (17.0.10+0--11572160, mixed mode, tiered, compressed oops, compressed class ptrs, g1 gc, windows-amd64)
GC Precious Log:
 CPUs: 8 total, 8 available
 Memory: 11178M
 Large Page Support: Disabled
 NUMA Support: Disabled
 Compressed Oops: Enabled (Zero based)
 Heap Region Size: 2M
 Heap Min Capacity: 8M
 Heap Initial Capacity: 176M
 Heap Max Capacity: 2796M
 Pre-touch: Disabled
 Parallel Workers: 8
 Concurrent Workers: 2
 Concurrent Refinement Workers: 8
 Periodic GC: Disabled
Heap:
 garbage-first heap   total 182272K, used 59828K [0x0000000751400000, 0x0000000800000000)
  region size 2048K, 8 young (16384K), 5 survivors (10240K)
 Metaspace       used 58413K, committed 58688K, reserved 1114112K
  class space    used 6841K, committed 6976K, reserved 1048576K
GC Heap History (20 events):
Event: 2.396 GC heap before
{Heap before GC invocations=6 (full 0):
 garbage-first heap   total 36864K, used 24098K [0x0000000751400000, 0x0000000800000000)
  region size 2048K, 4 young (8192K), 1 survivors (2048K)
 Metaspace       used 27608K, committed 27776K, reserved 1114112K
  class space    used 3504K, committed 3584K, reserved 1048576K
}
Event: 2.400 GC heap after
{Heap after GC invocations=7 (full 0):
 garbage-first heap   total 36864K, used 18617K [0x0000000751400000, 0x0000000800000000)
  region size 2048K, 1 young (2048K), 1 survivors (2048K)
 Metaspace       used 27608K, committed 27776K, reserved 1114112K
  class space    used 3504K, committed 3584K, reserved 1048576K
}
Event: 2.538 GC heap before
{Heap before GC invocations=8 (full 0):
 garbage-first heap   total 38912K, used 24761K [0x0000000751400000, 0x0000000800000000)
  region size 2048K, 4 young (8192K), 1 survivors (2048K)
 Metaspace       used 28336K, committed 28480K, reserved 1114112K
  class space    used 3589K, committed 3648K, reserved 1048576K
}
Event: 2.543 GC heap after
{Heap after GC invocations=9 (full 0):
 garbage-first heap   total 110592K, used 17317K [0x0000000751400000, 0x0000000800000000)
  region size 2048K, 1 young (2048K), 1 survivors (2048K)
 Metaspace       used 28336K, committed 28480K, reserved 1114112K
  class space    used 3589K, committed 3648K, reserved 1048576K
}
Event: 2.582 GC heap before
{Heap before GC invocations=9 (full 0):
 garbage-first heap   total 110592K, used 19365K [0x0000000751400000, 0x0000000800000000)
  region size 2048K, 2 young (4096K), 1 survivors (2048K)
 Metaspace       used 28745K, committed 28928K, reserved 1114112K
  class space    used 3630K, committed 3712K, reserved 1048576K
}
Event: 2.588 GC heap after
{Heap after GC invocations=10 (full 0):
 garbage-first heap   total 110592K, used 17467K [0x0000000751400000, 0x0000000800000000)
  region size 2048K, 1 young (2048K), 1 survivors (2048K)
 Metaspace       used 28745K, committed 28928K, reserved 1114112K
  class space    used 3630K, committed 3712K, reserved 1048576K
}
Event: 3.957 GC heap before
{Heap before GC invocations=10 (full 0):
 garbage-first heap   total 110592K, used 70715K [0x0000000751400000, 0x0000000800000000)
  region size 2048K, 27 young (55296K), 1 survivors (2048K)
 Metaspace       used 40447K, committed 40640K, reserved 1114112K
  class space    used 4861K, committed 4992K, reserved 1048576K
}
Event: 3.970 GC heap after
{Heap after GC invocations=11 (full 0):
 garbage-first heap   total 110592K, used 22515K [0x0000000751400000, 0x0000000800000000)
  region size 2048K, 3 young (6144K), 3 survivors (6144K)
 Metaspace       used 40447K, committed 40640K, reserved 1114112K
  class space    used 4861K, committed 4992K, reserved 1048576K
}
Event: 4.982 GC heap before
{Heap before GC invocations=11 (full 0):
 garbage-first heap   total 110592K, used 73715K [0x0000000751400000, 0x0000000800000000)
  region size 2048K, 28 young (57344K), 3 survivors (6144K)
 Metaspace       used 45341K, committed 45504K, reserved 1114112K
  class space    used 5423K, committed 5504K, reserved 1048576K
}
Event: 5.013 GC heap after
{Heap after GC invocations=12 (full 0):
 garbage-first heap   total 110592K, used 30490K [0x0000000751400000, 0x0000000800000000)
  region size 2048K, 3 young (6144K), 3 survivors (6144K)
 Metaspace       used 45341K, committed 45504K, reserved 1114112K
  class space    used 5423K, committed 5504K, reserved 1048576K
}
Event: 5.173 GC heap before
{Heap before GC invocations=12 (full 0):
 garbage-first heap   total 110592K, used 34586K [0x0000000751400000, 0x0000000800000000)
  region size 2048K, 6 young (12288K), 3 survivors (6144K)
 Metaspace       used 46237K, committed 46400K, reserved 1114112K
  class space    used 5537K, committed 5632K, reserved 1048576K
}
Event: 5.186 GC heap after
{Heap after GC invocations=13 (full 0):
 garbage-first heap   total 110592K, used 31886K [0x0000000751400000, 0x0000000800000000)
  region size 2048K, 1 young (2048K), 1 survivors (2048K)
 Metaspace       used 46237K, committed 46400K, reserved 1114112K
  class space    used 5537K, committed 5632K, reserved 1048576K
}
Event: 7.381 GC heap before
{Heap before GC invocations=14 (full 0):
 garbage-first heap   total 110592K, used 74894K [0x0000000751400000, 0x0000000800000000)
  region size 2048K, 22 young (45056K), 1 survivors (2048K)
 Metaspace       used 49500K, committed 49792K, reserved 1114112K
  class space    used 5762K, committed 5888K, reserved 1048576K
}
Event: 7.414 GC heap after
{Heap after GC invocations=15 (full 0):
 garbage-first heap   total 110592K, used 38912K [0x0000000751400000, 0x0000000800000000)
  region size 2048K, 3 young (6144K), 3 survivors (6144K)
 Metaspace       used 49500K, committed 49792K, reserved 1114112K
  class space    used 5762K, committed 5888K, reserved 1048576K
}
Event: 8.625 GC heap before
{Heap before GC invocations=16 (full 0):
 garbage-first heap   total 110592K, used 77824K [0x0000000751400000, 0x0000000800000000)
  region size 2048K, 22 young (45056K), 3 survivors (6144K)
 Metaspace       used 50077K, committed 50304K, reserved 1114112K
  class space    used 5790K, committed 5888K, reserved 1048576K
}
Event: 8.672 GC heap after
{Heap after GC invocations=17 (full 0):
 garbage-first heap   total 110592K, used 46228K [0x0000000751400000, 0x0000000800000000)
  region size 2048K, 3 young (6144K), 3 survivors (6144K)
 Metaspace       used 50077K, committed 50304K, reserved 1114112K
  class space    used 5790K, committed 5888K, reserved 1048576K
}
Event: 9.019 GC heap before
{Heap before GC invocations=17 (full 0):
 garbage-first heap   total 110592K, used 78996K [0x0000000751400000, 0x0000000800000000)
  region size 2048K, 19 young (38912K), 3 survivors (6144K)
 Metaspace       used 50326K, committed 50560K, reserved 1114112K
  class space    used 5814K, committed 5888K, reserved 1048576K
}
Event: 9.059 GC heap after
{Heap after GC invocations=18 (full 0):
 garbage-first heap   total 182272K, used 48623K [0x0000000751400000, 0x0000000800000000)
  region size 2048K, 1 young (2048K), 1 survivors (2048K)
 Metaspace       used 50326K, committed 50560K, reserved 1114112K
  class space    used 5814K, committed 5888K, reserved 1048576K
}
Event: 11.998 GC heap before
{Heap before GC invocations=18 (full 0):
 garbage-first heap   total 182272K, used 128495K [0x0000000751400000, 0x0000000800000000)
  region size 2048K, 40 young (81920K), 1 survivors (2048K)
 Metaspace       used 57929K, committed 58112K, reserved 1114112K
  class space    used 6811K, committed 6912K, reserved 1048576K
}
Event: 12.014 GC heap after
{Heap after GC invocations=19 (full 0):
 garbage-first heap   total 182272K, used 55732K [0x0000000751400000, 0x0000000800000000)
  region size 2048K, 5 young (10240K), 5 survivors (10240K)
 Metaspace       used 57929K, committed 58112K, reserved 1114112K
  class space    used 6811K, committed 6912K, reserved 1048576K
}

