# JRE version: OpenJDK Runtime Environment (17.0.10) (build 17.0.10+0--11572160)
# Java VM: OpenJDK 64-Bit Server VM (17.0.10+0--11572160, mixed mode, tiered, compressed oops, compressed class ptrs, g1 gc, windows-amd64)
GC Precious Log:
 CPUs: 8 total, 8 available
 Memory: 11178M
 Large Page Support: Disabled
 NUMA Support: Disabled
 Compressed Oops: Enabled (32-bit)
 Heap Region Size: 1M
 Heap Min Capacity: 8M
 Heap Initial Capacity: 176M
 Heap Max Capacity: 2G
 Pre-touch: Disabled
 Parallel Workers: 8
 Concurrent Workers: 2
 Concurrent Refinement Workers: 8
 Periodic GC: Disabled
Heap:
 garbage-first heap   total 305152K, used 157437K [0x0000000080000000, 0x0000000100000000)
  region size 1024K, 7 young (7168K), 7 survivors (7168K)
 Metaspace       used 169087K, committed 169984K, reserved 1245184K
  class space    used 21977K, committed 22400K, reserved 1048576K
GC Heap History (20 events):
Event: 63.363 GC heap after
{Heap after GC invocations=117 (full 0):
 garbage-first heap   total 305152K, used 118281K [0x0000000080000000, 0x0000000100000000)
  region size 1024K, 2 young (2048K), 2 survivors (2048K)
 Metaspace       used 105356K, committed 105984K, reserved 1179648K
  class space    used 14238K, committed 14528K, reserved 1048576K
}
Event: 65.137 GC heap before
{Heap before GC invocations=117 (full 0):
 garbage-first heap   total 305152K, used 246281K [0x0000000080000000, 0x0000000100000000)
  region size 1024K, 120 young (122880K), 2 survivors (2048K)
 Metaspace       used 115613K, committed 116288K, reserved 1179648K
  class space    used 15315K, committed 15616K, reserved 1048576K
}
Event: 65.151 GC heap after
{Heap after GC invocations=118 (full 0):
 garbage-first heap   total 305152K, used 137384K [0x0000000080000000, 0x0000000100000000)
  region size 1024K, 14 young (14336K), 14 survivors (14336K)
 Metaspace       used 115613K, committed 116288K, reserved 1179648K
  class space    used 15315K, committed 15616K, reserved 1048576K
}
Event: 67.134 GC heap before
{Heap before GC invocations=119 (full 0):
 garbage-first heap   total 305152K, used 242856K [0x0000000080000000, 0x0000000100000000)
  region size 1024K, 116 young (118784K), 14 survivors (14336K)
 Metaspace       used 125024K, committed 125760K, reserved 1179648K
  class space    used 16500K, committed 16832K, reserved 1048576K
}
Event: 67.151 GC heap after
{Heap after GC invocations=120 (full 0):
 garbage-first heap   total 305152K, used 143574K [0x0000000080000000, 0x0000000100000000)
  region size 1024K, 8 young (8192K), 8 survivors (8192K)
 Metaspace       used 125024K, committed 125760K, reserved 1179648K
  class space    used 16500K, committed 16832K, reserved 1048576K
}
Event: 67.228 GC heap before
{Heap before GC invocations=120 (full 0):
 garbage-first heap   total 305152K, used 148694K [0x0000000080000000, 0x0000000100000000)
  region size 1024K, 14 young (14336K), 8 survivors (8192K)
 Metaspace       used 125101K, committed 125824K, reserved 1179648K
  class space    used 16500K, committed 16832K, reserved 1048576K
}
Event: 67.234 GC heap after
{Heap after GC invocations=121 (full 0):
 garbage-first heap   total 305152K, used 141768K [0x0000000080000000, 0x0000000100000000)
  region size 1024K, 2 young (2048K), 2 survivors (2048K)
 Metaspace       used 125101K, committed 125824K, reserved 1179648K
  class space    used 16500K, committed 16832K, reserved 1048576K
}
Event: 69.786 GC heap before
{Heap before GC invocations=121 (full 0):
 garbage-first heap   total 305152K, used 245192K [0x0000000080000000, 0x0000000100000000)
  region size 1024K, 103 young (105472K), 2 survivors (2048K)
 Metaspace       used 130372K, committed 131072K, reserved 1179648K
  class space    used 16987K, committed 17344K, reserved 1048576K
}
Event: 69.802 GC heap after
{Heap after GC invocations=122 (full 0):
 garbage-first heap   total 305152K, used 150665K [0x0000000080000000, 0x0000000100000000)
  region size 1024K, 11 young (11264K), 11 survivors (11264K)
 Metaspace       used 130372K, committed 131072K, reserved 1179648K
  class space    used 16987K, committed 17344K, reserved 1048576K
}
Event: 71.415 GC heap before
{Heap before GC invocations=123 (full 0):
 garbage-first heap   total 305152K, used 245897K [0x0000000080000000, 0x0000000100000000)
  region size 1024K, 104 young (106496K), 11 survivors (11264K)
 Metaspace       used 143318K, committed 144064K, reserved 1179648K
  class space    used 18378K, committed 18752K, reserved 1048576K
}
Event: 71.426 GC heap after
{Heap after GC invocations=124 (full 0):
 garbage-first heap   total 305152K, used 154757K [0x0000000080000000, 0x0000000100000000)
  region size 1024K, 5 young (5120K), 5 survivors (5120K)
 Metaspace       used 143318K, committed 144064K, reserved 1179648K
  class space    used 18378K, committed 18752K, reserved 1048576K
}
Event: 71.578 GC heap before
{Heap before GC invocations=124 (full 0):
 garbage-first heap   total 305152K, used 162949K [0x0000000080000000, 0x0000000100000000)
  region size 1024K, 14 young (14336K), 5 survivors (5120K)
 Metaspace       used 144575K, committed 145344K, reserved 1179648K
  class space    used 18499K, committed 18880K, reserved 1048576K
}
Event: 71.583 GC heap after
{Heap after GC invocations=125 (full 0):
 garbage-first heap   total 305152K, used 153036K [0x0000000080000000, 0x0000000100000000)
  region size 1024K, 2 young (2048K), 2 survivors (2048K)
 Metaspace       used 144575K, committed 145344K, reserved 1179648K
  class space    used 18499K, committed 18880K, reserved 1048576K
}
Event: 73.545 GC heap before
{Heap before GC invocations=125 (full 0):
 garbage-first heap   total 305152K, used 250316K [0x0000000080000000, 0x0000000100000000)
  region size 1024K, 96 young (98304K), 2 survivors (2048K)
 Metaspace       used 153547K, committed 154304K, reserved 1245184K
  class space    used 19736K, committed 20096K, reserved 1048576K
}
Event: 73.551 GC heap after
{Heap after GC invocations=126 (full 0):
 garbage-first heap   total 305152K, used 155472K [0x0000000080000000, 0x0000000100000000)
  region size 1024K, 4 young (4096K), 4 survivors (4096K)
 Metaspace       used 153547K, committed 154304K, reserved 1245184K
  class space    used 19736K, committed 20096K, reserved 1048576K
}
Event: 75.730 GC heap before
{Heap before GC invocations=127 (full 0):
 garbage-first heap   total 305152K, used 252752K [0x0000000080000000, 0x0000000100000000)
  region size 1024K, 99 young (101376K), 4 survivors (4096K)
 Metaspace       used 160750K, committed 161536K, reserved 1245184K
  class space    used 20863K, committed 21248K, reserved 1048576K
}
Event: 75.743 GC heap after
{Heap after GC invocations=128 (full 0):
 garbage-first heap   total 305152K, used 153793K [0x0000000080000000, 0x0000000100000000)
  region size 1024K, 9 young (9216K), 9 survivors (9216K)
 Metaspace       used 160750K, committed 161536K, reserved 1245184K
  class space    used 20863K, committed 21248K, reserved 1048576K
}
Event: 75.866 GC heap before
{Heap before GC invocations=128 (full 0):
 garbage-first heap   total 305152K, used 158913K [0x0000000080000000, 0x0000000100000000)
  region size 1024K, 14 young (14336K), 9 survivors (9216K)
 Metaspace       used 161307K, committed 162048K, reserved 1245184K
  class space    used 20950K, committed 21312K, reserved 1048576K
}
Event: 75.877 GC heap after
{Heap after GC invocations=129 (full 0):
 garbage-first heap   total 305152K, used 152217K [0x0000000080000000, 0x0000000100000000)
  region size 1024K, 2 young (2048K), 2 survivors (2048K)
 Metaspace       used 161307K, committed 162048K, reserved 1245184K
  class space    used 20950K, committed 21312K, reserved 1048576K
}
Event: 77.708 GC heap before
{Heap before GC invocations=129 (full 0):
 garbage-first heap   total 305152K, used 252569K [0x0000000080000000, 0x0000000100000000)
  region size 1024K, 100 young (102400K), 2 survivors (2048K)
 Metaspace       used 169087K, committed 169984K, reserved 1245184K
  class space    used 21977K, committed 22400K, reserved 1048576K
}

