# JRE version: OpenJDK Runtime Environment (17.0.10) (build 17.0.10+0--11572160)
# Java VM: OpenJDK 64-Bit Server VM (17.0.10+0--11572160, mixed mode, tiered, compressed oops, compressed class ptrs, g1 gc, windows-amd64)
GC Precious Log:
 CPUs: 8 total, 8 available
 Memory: 11178M
 Large Page Support: Disabled
 NUMA Support: Disabled
 Compressed Oops: Enabled (32-bit)
 Heap Region Size: 1M
 Heap Min Capacity: 8M
 Heap Initial Capacity: 176M
 Heap Max Capacity: 2G
 Pre-touch: Disabled
 Parallel Workers: 8
 Concurrent Workers: 2
 Concurrent Refinement Workers: 8
 Periodic GC: Disabled
Heap:
 garbage-first heap   total 135168K, used 74255K [0x0000000080000000, 0x0000000100000000)
  region size 1024K, 1 young (1024K), 1 survivors (1024K)
 Metaspace       used 60947K, committed 61504K, reserved 1114112K
  class space    used 8257K, committed 8512K, reserved 1048576K
GC Heap History (20 events):
Event: 23.617 GC heap after
{Heap after GC invocations=28 (full 0):
 garbage-first heap   total 109568K, used 61886K [0x0000000080000000, 0x0000000100000000)
  region size 1024K, 2 young (2048K), 2 survivors (2048K)
 Metaspace       used 54747K, committed 55296K, reserved 1114112K
  class space    used 7364K, committed 7616K, reserved 1048576K
}
Event: 24.176 GC heap before
{Heap before GC invocations=29 (full 0):
 garbage-first heap   total 109568K, used 84414K [0x0000000080000000, 0x0000000100000000)
  region size 1024K, 24 young (24576K), 2 survivors (2048K)
 Metaspace       used 56882K, committed 57408K, reserved 1114112K
  class space    used 7748K, committed 8000K, reserved 1048576K
}
Event: 24.181 GC heap after
{Heap after GC invocations=30 (full 0):
 garbage-first heap   total 109568K, used 63432K [0x0000000080000000, 0x0000000100000000)
  region size 1024K, 3 young (3072K), 3 survivors (3072K)
 Metaspace       used 56882K, committed 57408K, reserved 1114112K
  class space    used 7748K, committed 8000K, reserved 1048576K
}
Event: 24.758 GC heap before
{Heap before GC invocations=30 (full 0):
 garbage-first heap   total 109568K, used 86984K [0x0000000080000000, 0x0000000100000000)
  region size 1024K, 26 young (26624K), 3 survivors (3072K)
 Metaspace       used 59180K, committed 59776K, reserved 1114112K
  class space    used 8105K, committed 8384K, reserved 1048576K
}
Event: 24.767 GC heap after
{Heap after GC invocations=31 (full 0):
 garbage-first heap   total 132096K, used 65397K [0x0000000080000000, 0x0000000100000000)
  region size 1024K, 4 young (4096K), 4 survivors (4096K)
 Metaspace       used 59180K, committed 59776K, reserved 1114112K
  class space    used 8105K, committed 8384K, reserved 1048576K
}
Event: 25.774 GC heap before
{Heap before GC invocations=32 (full 0):
 garbage-first heap   total 132096K, used 96117K [0x0000000080000000, 0x0000000100000000)
  region size 1024K, 36 young (36864K), 4 survivors (4096K)
 Metaspace       used 60180K, committed 60800K, reserved 1114112K
  class space    used 8212K, committed 8512K, reserved 1048576K
}
Event: 25.784 GC heap after
{Heap after GC invocations=33 (full 0):
 garbage-first heap   total 132096K, used 68377K [0x0000000080000000, 0x0000000100000000)
  region size 1024K, 5 young (5120K), 5 survivors (5120K)
 Metaspace       used 60180K, committed 60800K, reserved 1114112K
  class space    used 8212K, committed 8512K, reserved 1048576K
}
Event: 26.347 GC heap before
{Heap before GC invocations=34 (full 0):
 garbage-first heap   total 132096K, used 107289K [0x0000000080000000, 0x0000000100000000)
  region size 1024K, 40 young (40960K), 5 survivors (5120K)
 Metaspace       used 60677K, committed 61312K, reserved 1114112K
  class space    used 8237K, committed 8512K, reserved 1048576K
}
Event: 26.353 GC heap after
{Heap after GC invocations=35 (full 0):
 garbage-first heap   total 132096K, used 73862K [0x0000000080000000, 0x0000000100000000)
  region size 1024K, 2 young (2048K), 2 survivors (2048K)
 Metaspace       used 60677K, committed 61312K, reserved 1114112K
  class space    used 8237K, committed 8512K, reserved 1048576K
}
Event: 26.666 GC heap before
{Heap before GC invocations=35 (full 0):
 garbage-first heap   total 132096K, used 107654K [0x0000000080000000, 0x0000000100000000)
  region size 1024K, 35 young (35840K), 2 survivors (2048K)
 Metaspace       used 60759K, committed 61376K, reserved 1114112K
  class space    used 8237K, committed 8512K, reserved 1048576K
}
Event: 26.669 GC heap after
{Heap after GC invocations=36 (full 0):
 garbage-first heap   total 132096K, used 73629K [0x0000000080000000, 0x0000000100000000)
  region size 1024K, 2 young (2048K), 2 survivors (2048K)
 Metaspace       used 60759K, committed 61376K, reserved 1114112K
  class space    used 8237K, committed 8512K, reserved 1048576K
}
Event: 26.997 GC heap before
{Heap before GC invocations=37 (full 0):
 garbage-first heap   total 135168K, used 108445K [0x0000000080000000, 0x0000000100000000)
  region size 1024K, 36 young (36864K), 2 survivors (2048K)
 Metaspace       used 60772K, committed 61440K, reserved 1114112K
  class space    used 8237K, committed 8512K, reserved 1048576K
}
Event: 27.000 GC heap after
{Heap after GC invocations=38 (full 0):
 garbage-first heap   total 135168K, used 73899K [0x0000000080000000, 0x0000000100000000)
  region size 1024K, 2 young (2048K), 2 survivors (2048K)
 Metaspace       used 60772K, committed 61440K, reserved 1114112K
  class space    used 8237K, committed 8512K, reserved 1048576K
}
Event: 27.359 GC heap before
{Heap before GC invocations=38 (full 0):
 garbage-first heap   total 135168K, used 111787K [0x0000000080000000, 0x0000000100000000)
  region size 1024K, 39 young (39936K), 2 survivors (2048K)
 Metaspace       used 60909K, committed 61504K, reserved 1114112K
  class space    used 8257K, committed 8512K, reserved 1048576K
}
Event: 27.362 GC heap after
{Heap after GC invocations=39 (full 0):
 garbage-first heap   total 135168K, used 74052K [0x0000000080000000, 0x0000000100000000)
  region size 1024K, 2 young (2048K), 2 survivors (2048K)
 Metaspace       used 60909K, committed 61504K, reserved 1114112K
  class space    used 8257K, committed 8512K, reserved 1048576K
}
Event: 27.758 GC heap before
{Heap before GC invocations=40 (full 0):
 garbage-first heap   total 135168K, used 112964K [0x0000000080000000, 0x0000000100000000)
  region size 1024K, 40 young (40960K), 2 survivors (2048K)
 Metaspace       used 60929K, committed 61504K, reserved 1114112K
  class space    used 8257K, committed 8512K, reserved 1048576K
}
Event: 27.763 GC heap after
{Heap after GC invocations=41 (full 0):
 garbage-first heap   total 135168K, used 74332K [0x0000000080000000, 0x0000000100000000)
  region size 1024K, 3 young (3072K), 3 survivors (3072K)
 Metaspace       used 60929K, committed 61504K, reserved 1114112K
  class space    used 8257K, committed 8512K, reserved 1048576K
}
Event: 27.793 GC heap before
{Heap before GC invocations=41 (full 0):
 garbage-first heap   total 135168K, used 77404K [0x0000000080000000, 0x0000000100000000)
  region size 1024K, 6 young (6144K), 3 survivors (3072K)
 Metaspace       used 60934K, committed 61504K, reserved 1114112K
  class space    used 8257K, committed 8512K, reserved 1048576K
}
Event: 27.797 GC heap after
{Heap after GC invocations=42 (full 0):
 garbage-first heap   total 135168K, used 74079K [0x0000000080000000, 0x0000000100000000)
  region size 1024K, 1 young (1024K), 1 survivors (1024K)
 Metaspace       used 60934K, committed 61504K, reserved 1114112K
  class space    used 8257K, committed 8512K, reserved 1048576K
}
Event: 28.157 GC heap before
{Heap before GC invocations=42 (full 0):
 garbage-first heap   total 135168K, used 112991K [0x0000000080000000, 0x0000000100000000)
  region size 1024K, 39 young (39936K), 1 survivors (1024K)
 Metaspace       used 60947K, committed 61504K, reserved 1114112K
  class space    used 8257K, committed 8512K, reserved 1048576K
}

