# JRE version: OpenJDK Runtime Environment (17.0.10) (build 17.0.10+0--11572160)
# Java VM: OpenJDK 64-Bit Server VM (17.0.10+0--11572160, mixed mode, tiered, compressed oops, compressed class ptrs, g1 gc, windows-amd64)
GC Precious Log:
 CPUs: 8 total, 8 available
 Memory: 11178M
 Large Page Support: Disabled
 NUMA Support: Disabled
 Compressed Oops: Enabled (32-bit)
 Heap Region Size: 1M
 Heap Min Capacity: 8M
 Heap Initial Capacity: 176M
 Heap Max Capacity: 2G
 Pre-touch: Disabled
 Parallel Workers: 8
 Concurrent Workers: 2
 Concurrent Refinement Workers: 8
 Periodic GC: Disabled
Heap:
 garbage-first heap   total 137216K, used 95070K [0x0000000080000000, 0x0000000100000000)
  region size 1024K, 3 young (3072K), 3 survivors (3072K)
 Metaspace       used 90134K, committed 90752K, reserved 1179648K
  class space    used 12274K, committed 12544K, reserved 1048576K
GC Heap History (20 events):
Event: 17.760 GC heap after
{Heap after GC invocations=27 (full 0):
 garbage-first heap   total 130048K, used 67239K [0x0000000080000000, 0x0000000100000000)
  region size 1024K, 2 young (2048K), 2 survivors (2048K)
 Metaspace       used 62307K, committed 62912K, reserved 1114112K
  class space    used 8950K, committed 9216K, reserved 1048576K
}
Event: 18.779 GC heap before
{Heap before GC invocations=28 (full 0):
 garbage-first heap   total 130048K, used 105127K [0x0000000080000000, 0x0000000100000000)
  region size 1024K, 39 young (39936K), 2 survivors (2048K)
 Metaspace       used 66862K, committed 67520K, reserved 1114112K
  class space    used 9582K, committed 9856K, reserved 1048576K
}
Event: 18.784 GC heap after
{Heap after GC invocations=29 (full 0):
 garbage-first heap   total 130048K, used 68134K [0x0000000080000000, 0x0000000100000000)
  region size 1024K, 3 young (3072K), 3 survivors (3072K)
 Metaspace       used 66862K, committed 67520K, reserved 1114112K
  class space    used 9582K, committed 9856K, reserved 1048576K
}
Event: 18.875 GC heap before
{Heap before GC invocations=29 (full 0):
 garbage-first heap   total 130048K, used 70182K [0x0000000080000000, 0x0000000100000000)
  region size 1024K, 6 young (6144K), 3 survivors (3072K)
 Metaspace       used 67345K, committed 67968K, reserved 1114112K
  class space    used 9650K, committed 9920K, reserved 1048576K
}
Event: 18.880 GC heap after
{Heap after GC invocations=30 (full 0):
 garbage-first heap   total 130048K, used 68346K [0x0000000080000000, 0x0000000100000000)
  region size 1024K, 1 young (1024K), 1 survivors (1024K)
 Metaspace       used 67345K, committed 67968K, reserved 1114112K
  class space    used 9650K, committed 9920K, reserved 1048576K
}
Event: 19.966 GC heap before
{Heap before GC invocations=30 (full 0):
 garbage-first heap   total 130048K, used 107258K [0x0000000080000000, 0x0000000100000000)
  region size 1024K, 39 young (39936K), 1 survivors (1024K)
 Metaspace       used 72998K, committed 73664K, reserved 1114112K
  class space    used 10362K, committed 10624K, reserved 1048576K
}
Event: 19.968 GC heap after
{Heap after GC invocations=31 (full 0):
 garbage-first heap   total 130048K, used 68884K [0x0000000080000000, 0x0000000100000000)
  region size 1024K, 1 young (1024K), 1 survivors (1024K)
 Metaspace       used 72998K, committed 73664K, reserved 1114112K
  class space    used 10362K, committed 10624K, reserved 1048576K
}
Event: 20.768 GC heap before
{Heap before GC invocations=32 (full 0):
 garbage-first heap   total 130048K, used 115988K [0x0000000080000000, 0x0000000100000000)
  region size 1024K, 40 young (40960K), 1 survivors (1024K)
 Metaspace       used 75096K, committed 75840K, reserved 1179648K
  class space    used 10605K, committed 10880K, reserved 1048576K
}
Event: 20.787 GC heap after
{Heap after GC invocations=33 (full 0):
 garbage-first heap   total 130048K, used 84460K [0x0000000080000000, 0x0000000100000000)
  region size 1024K, 5 young (5120K), 5 survivors (5120K)
 Metaspace       used 75096K, committed 75840K, reserved 1179648K
  class space    used 10605K, committed 10880K, reserved 1048576K
}
Event: 21.396 GC heap before
{Heap before GC invocations=33 (full 0):
 garbage-first heap   total 130048K, used 106988K [0x0000000080000000, 0x0000000100000000)
  region size 1024K, 27 young (27648K), 5 survivors (5120K)
 Metaspace       used 76807K, committed 77504K, reserved 1179648K
  class space    used 10824K, committed 11136K, reserved 1048576K
}
Event: 21.405 GC heap after
{Heap after GC invocations=34 (full 0):
 garbage-first heap   total 130048K, used 80103K [0x0000000080000000, 0x0000000100000000)
  region size 1024K, 3 young (3072K), 3 survivors (3072K)
 Metaspace       used 76807K, committed 77504K, reserved 1179648K
  class space    used 10824K, committed 11136K, reserved 1048576K
}
Event: 23.201 GC heap before
{Heap before GC invocations=35 (full 0):
 garbage-first heap   total 137216K, used 111847K [0x0000000080000000, 0x0000000100000000)
  region size 1024K, 28 young (28672K), 3 survivors (3072K)
 Metaspace       used 79897K, committed 80512K, reserved 1179648K
  class space    used 11172K, committed 11456K, reserved 1048576K
}
Event: 23.206 GC heap after
{Heap after GC invocations=36 (full 0):
 garbage-first heap   total 137216K, used 89327K [0x0000000080000000, 0x0000000100000000)
  region size 1024K, 2 young (2048K), 2 survivors (2048K)
 Metaspace       used 79897K, committed 80512K, reserved 1179648K
  class space    used 11172K, committed 11456K, reserved 1048576K
}
Event: 23.756 GC heap before
{Heap before GC invocations=36 (full 0):
 garbage-first heap   total 137216K, used 112879K [0x0000000080000000, 0x0000000100000000)
  region size 1024K, 25 young (25600K), 2 survivors (2048K)
 Metaspace       used 82324K, committed 83008K, reserved 1179648K
  class space    used 11434K, committed 11712K, reserved 1048576K
}
Event: 23.761 GC heap after
{Heap after GC invocations=37 (full 0):
 garbage-first heap   total 137216K, used 90975K [0x0000000080000000, 0x0000000100000000)
  region size 1024K, 4 young (4096K), 4 survivors (4096K)
 Metaspace       used 82324K, committed 83008K, reserved 1179648K
  class space    used 11434K, committed 11712K, reserved 1048576K
}
Event: 24.310 GC heap before
{Heap before GC invocations=37 (full 0):
 garbage-first heap   total 137216K, used 112479K [0x0000000080000000, 0x0000000100000000)
  region size 1024K, 26 young (26624K), 4 survivors (4096K)
 Metaspace       used 85257K, committed 85952K, reserved 1179648K
  class space    used 11671K, committed 11968K, reserved 1048576K
}
Event: 24.315 GC heap after
{Heap after GC invocations=38 (full 0):
 garbage-first heap   total 137216K, used 92856K [0x0000000080000000, 0x0000000100000000)
  region size 1024K, 4 young (4096K), 4 survivors (4096K)
 Metaspace       used 85257K, committed 85952K, reserved 1179648K
  class space    used 11671K, committed 11968K, reserved 1048576K
}
Event: 24.880 GC heap before
{Heap before GC invocations=38 (full 0):
 garbage-first heap   total 137216K, used 115384K [0x0000000080000000, 0x0000000100000000)
  region size 1024K, 26 young (26624K), 4 survivors (4096K)
 Metaspace       used 87825K, committed 88512K, reserved 1179648K
  class space    used 11987K, committed 12288K, reserved 1048576K
}
Event: 24.884 GC heap after
{Heap after GC invocations=39 (full 0):
 garbage-first heap   total 137216K, used 93436K [0x0000000080000000, 0x0000000100000000)
  region size 1024K, 3 young (3072K), 3 survivors (3072K)
 Metaspace       used 87825K, committed 88512K, reserved 1179648K
  class space    used 11987K, committed 12288K, reserved 1048576K
}
Event: 25.540 GC heap before
{Heap before GC invocations=39 (full 0):
 garbage-first heap   total 137216K, used 115964K [0x0000000080000000, 0x0000000100000000)
  region size 1024K, 25 young (25600K), 3 survivors (3072K)
 Metaspace       used 90134K, committed 90752K, reserved 1179648K
  class space    used 12274K, committed 12544K, reserved 1048576K
}

