# JRE version: OpenJDK Runtime Environment (17.0.10) (build 17.0.10+0--11572160)
# Java VM: OpenJDK 64-Bit Server VM (17.0.10+0--11572160, mixed mode, tiered, compressed oops, compressed class ptrs, g1 gc, windows-amd64)
GC Precious Log:
 CPUs: 8 total, 8 available
 Memory: 11178M
 Large Page Support: Disabled
 NUMA Support: Disabled
 Compressed Oops: Enabled (32-bit)
 Heap Region Size: 1M
 Heap Min Capacity: 8M
 Heap Initial Capacity: 176M
 Heap Max Capacity: 2G
 Pre-touch: Disabled
 Parallel Workers: 8
 Concurrent Workers: 2
 Concurrent Refinement Workers: 8
 Periodic GC: Disabled
Heap:
 garbage-first heap   total 180224K, used 102364K [0x0000000080000000, 0x0000000100000000)
  region size 1024K, 4 young (4096K), 4 survivors (4096K)
 Metaspace       used 103302K, committed 104064K, reserved 1179648K
  class space    used 13929K, committed 14272K, reserved 1048576K
GC Heap History (20 events):
Event: 35.778 GC heap after
{Heap after GC invocations=39 (full 0):
 garbage-first heap   total 135168K, used 81059K [0x0000000080000000, 0x0000000100000000)
  region size 1024K, 5 young (5120K), 5 survivors (5120K)
 Metaspace       used 80712K, committed 81472K, reserved 1179648K
  class space    used 11375K, committed 11712K, reserved 1048576K
}
Event: 37.577 GC heap before
{Heap before GC invocations=39 (full 0):
 garbage-first heap   total 135168K, used 108707K [0x0000000080000000, 0x0000000100000000)
  region size 1024K, 32 young (32768K), 5 survivors (5120K)
 Metaspace       used 83784K, committed 84544K, reserved 1179648K
  class space    used 11754K, committed 12096K, reserved 1048576K
}
Event: 37.591 GC heap after
{Heap after GC invocations=40 (full 0):
 garbage-first heap   total 135168K, used 82894K [0x0000000080000000, 0x0000000100000000)
  region size 1024K, 2 young (2048K), 2 survivors (2048K)
 Metaspace       used 83784K, committed 84544K, reserved 1179648K
  class space    used 11754K, committed 12096K, reserved 1048576K
}
Event: 38.819 GC heap before
{Heap before GC invocations=41 (full 0):
 garbage-first heap   total 145408K, used 116686K [0x0000000080000000, 0x0000000100000000)
  region size 1024K, 28 young (28672K), 2 survivors (2048K)
 Metaspace       used 86427K, committed 87168K, reserved 1179648K
  class space    used 12055K, committed 12416K, reserved 1048576K
}
Event: 38.828 GC heap after
{Heap after GC invocations=42 (full 0):
 garbage-first heap   total 145408K, used 92531K [0x0000000080000000, 0x0000000100000000)
  region size 1024K, 4 young (4096K), 4 survivors (4096K)
 Metaspace       used 86427K, committed 87168K, reserved 1179648K
  class space    used 12055K, committed 12416K, reserved 1048576K
}
Event: 38.917 GC heap before
{Heap before GC invocations=42 (full 0):
 garbage-first heap   total 145408K, used 94579K [0x0000000080000000, 0x0000000100000000)
  region size 1024K, 7 young (7168K), 4 survivors (4096K)
 Metaspace       used 86712K, committed 87424K, reserved 1179648K
  class space    used 12087K, committed 12416K, reserved 1048576K
}
Event: 38.926 GC heap after
{Heap after GC invocations=43 (full 0):
 garbage-first heap   total 145408K, used 92847K [0x0000000080000000, 0x0000000100000000)
  region size 1024K, 1 young (1024K), 1 survivors (1024K)
 Metaspace       used 86712K, committed 87424K, reserved 1179648K
  class space    used 12087K, committed 12416K, reserved 1048576K
}
Event: 39.547 GC heap before
{Heap before GC invocations=43 (full 0):
 garbage-first heap   total 145408K, used 119471K [0x0000000080000000, 0x0000000100000000)
  region size 1024K, 27 young (27648K), 1 survivors (1024K)
 Metaspace       used 90075K, committed 90816K, reserved 1179648K
  class space    used 12363K, committed 12736K, reserved 1048576K
}
Event: 39.551 GC heap after
{Heap after GC invocations=44 (full 0):
 garbage-first heap   total 145408K, used 94198K [0x0000000080000000, 0x0000000100000000)
  region size 1024K, 2 young (2048K), 2 survivors (2048K)
 Metaspace       used 90075K, committed 90816K, reserved 1179648K
  class space    used 12363K, committed 12736K, reserved 1048576K
}
Event: 40.391 GC heap before
{Heap before GC invocations=45 (full 0):
 garbage-first heap   total 163840K, used 120822K [0x0000000080000000, 0x0000000100000000)
  region size 1024K, 28 young (28672K), 2 survivors (2048K)
 Metaspace       used 93206K, committed 93952K, reserved 1179648K
  class space    used 12722K, committed 13056K, reserved 1048576K
}
Event: 40.398 GC heap after
{Heap after GC invocations=46 (full 0):
 garbage-first heap   total 163840K, used 95012K [0x0000000080000000, 0x0000000100000000)
  region size 1024K, 3 young (3072K), 3 survivors (3072K)
 Metaspace       used 93206K, committed 93952K, reserved 1179648K
  class space    used 12722K, committed 13056K, reserved 1048576K
}
Event: 40.576 GC heap before
{Heap before GC invocations=46 (full 0):
 garbage-first heap   total 163840K, used 100132K [0x0000000080000000, 0x0000000100000000)
  region size 1024K, 8 young (8192K), 3 survivors (3072K)
 Metaspace       used 93820K, committed 94528K, reserved 1179648K
  class space    used 12808K, committed 13120K, reserved 1048576K
}
Event: 40.581 GC heap after
{Heap after GC invocations=47 (full 0):
 garbage-first heap   total 163840K, used 94808K [0x0000000080000000, 0x0000000100000000)
  region size 1024K, 1 young (1024K), 1 survivors (1024K)
 Metaspace       used 93820K, committed 94528K, reserved 1179648K
  class space    used 12808K, committed 13120K, reserved 1048576K
}
Event: 41.566 GC heap before
{Heap before GC invocations=47 (full 0):
 garbage-first heap   total 163840K, used 134744K [0x0000000080000000, 0x0000000100000000)
  region size 1024K, 40 young (40960K), 1 survivors (1024K)
 Metaspace       used 98941K, committed 99648K, reserved 1179648K
  class space    used 13464K, committed 13824K, reserved 1048576K
}
Event: 41.569 GC heap after
{Heap after GC invocations=48 (full 0):
 garbage-first heap   total 163840K, used 96953K [0x0000000080000000, 0x0000000100000000)
  region size 1024K, 3 young (3072K), 3 survivors (3072K)
 Metaspace       used 98941K, committed 99648K, reserved 1179648K
  class space    used 13464K, committed 13824K, reserved 1048576K
}
Event: 42.033 GC heap before
{Heap before GC invocations=49 (full 0):
 garbage-first heap   total 171008K, used 136889K [0x0000000080000000, 0x0000000100000000)
  region size 1024K, 41 young (41984K), 3 survivors (3072K)
 Metaspace       used 100292K, committed 100992K, reserved 1179648K
  class space    used 13610K, committed 13952K, reserved 1048576K
}
Event: 42.038 GC heap after
{Heap after GC invocations=50 (full 0):
 garbage-first heap   total 171008K, used 99293K [0x0000000080000000, 0x0000000100000000)
  region size 1024K, 5 young (5120K), 5 survivors (5120K)
 Metaspace       used 100292K, committed 100992K, reserved 1179648K
  class space    used 13610K, committed 13952K, reserved 1048576K
}
Event: 42.102 GC heap before
{Heap before GC invocations=50 (full 0):
 garbage-first heap   total 171008K, used 102365K [0x0000000080000000, 0x0000000100000000)
  region size 1024K, 8 young (8192K), 5 survivors (5120K)
 Metaspace       used 100614K, committed 101312K, reserved 1179648K
  class space    used 13656K, committed 14016K, reserved 1048576K
}
Event: 42.107 GC heap after
{Heap after GC invocations=51 (full 0):
 garbage-first heap   total 171008K, used 99588K [0x0000000080000000, 0x0000000100000000)
  region size 1024K, 1 young (1024K), 1 survivors (1024K)
 Metaspace       used 100614K, committed 101312K, reserved 1179648K
  class space    used 13656K, committed 14016K, reserved 1048576K
}
Event: 42.716 GC heap before
{Heap before GC invocations=51 (full 0):
 garbage-first heap   total 171008K, used 141572K [0x0000000080000000, 0x0000000100000000)
  region size 1024K, 42 young (43008K), 1 survivors (1024K)
 Metaspace       used 103302K, committed 104064K, reserved 1179648K
  class space    used 13929K, committed 14272K, reserved 1048576K
}

