# JRE version: OpenJDK Runtime Environment (17.0.10) (build 17.0.10+0--11572160)
# Java VM: OpenJDK 64-Bit Server VM (17.0.10+0--11572160, mixed mode, tiered, compressed oops, compressed class ptrs, g1 gc, windows-amd64)
GC Precious Log:
 CPUs: 8 total, 8 available
 Memory: 11178M
 Large Page Support: Disabled
 NUMA Support: Disabled
 Compressed Oops: Enabled (32-bit)
 Heap Region Size: 1M
 Heap Min Capacity: 8M
 Heap Initial Capacity: 176M
 Heap Max Capacity: 2G
 Pre-touch: Disabled
 Parallel Workers: 8
 Concurrent Workers: 2
 Concurrent Refinement Workers: 8
 Periodic GC: Disabled
Heap:
 garbage-first heap   total 75776K, used 48773K [0x0000000080000000, 0x0000000100000000)
  region size 1024K, 30 young (30720K), 3 survivors (3072K)
 Metaspace       used 30198K, committed 30528K, reserved 1114112K
  class space    used 4026K, committed 4160K, reserved 1048576K
GC Heap History (8 events):
Event: 3.450 GC heap before
{Heap before GC invocations=0 (full 0):
 garbage-first heap   total 180224K, used 26624K [0x0000000080000000, 0x0000000100000000)
  region size 1024K, 23 young (23552K), 0 survivors (0K)
 Metaspace       used 8864K, committed 9024K, reserved 1114112K
  class space    used 830K, committed 896K, reserved 1048576K
}
Event: 3.456 GC heap after
{Heap after GC invocations=1 (full 0):
 garbage-first heap   total 180224K, used 10724K [0x0000000080000000, 0x0000000100000000)
  region size 1024K, 3 young (3072K), 3 survivors (3072K)
 Metaspace       used 8864K, committed 9024K, reserved 1114112K
  class space    used 830K, committed 896K, reserved 1048576K
}
Event: 5.174 GC heap before
{Heap before GC invocations=1 (full 0):
 garbage-first heap   total 180224K, used 39396K [0x0000000080000000, 0x0000000100000000)
  region size 1024K, 31 young (31744K), 3 survivors (3072K)
 Metaspace       used 11523K, committed 11712K, reserved 1114112K
  class space    used 1210K, committed 1280K, reserved 1048576K
}
Event: 5.181 GC heap after
{Heap after GC invocations=2 (full 0):
 garbage-first heap   total 180224K, used 12160K [0x0000000080000000, 0x0000000100000000)
  region size 1024K, 2 young (2048K), 2 survivors (2048K)
 Metaspace       used 11523K, committed 11712K, reserved 1114112K
  class space    used 1210K, committed 1280K, reserved 1048576K
}
Event: 8.647 GC heap before
{Heap before GC invocations=2 (full 0):
 garbage-first heap   total 180224K, used 75648K [0x0000000080000000, 0x0000000100000000)
  region size 1024K, 63 young (64512K), 2 survivors (2048K)
 Metaspace       used 21301K, committed 21504K, reserved 1114112K
  class space    used 2544K, committed 2624K, reserved 1048576K
}
Event: 8.684 GC heap after
{Heap after GC invocations=3 (full 0):
 garbage-first heap   total 180224K, used 20187K [0x0000000080000000, 0x0000000100000000)
  region size 1024K, 9 young (9216K), 9 survivors (9216K)
 Metaspace       used 21301K, committed 21504K, reserved 1114112K
  class space    used 2544K, committed 2624K, reserved 1048576K
}
Event: 10.271 GC heap before
{Heap before GC invocations=4 (full 0):
 garbage-first heap   total 75776K, used 56027K [0x0000000080000000, 0x0000000100000000)
  region size 1024K, 44 young (45056K), 9 survivors (9216K)
 Metaspace       used 26675K, committed 27008K, reserved 1114112K
  class space    used 3434K, committed 3584K, reserved 1048576K
}
Event: 10.280 GC heap after
{Heap after GC invocations=5 (full 0):
 garbage-first heap   total 75776K, used 22149K [0x0000000080000000, 0x0000000100000000)
  region size 1024K, 3 young (3072K), 3 survivors (3072K)
 Metaspace       used 26675K, committed 27008K, reserved 1114112K
  class space    used 3434K, committed 3584K, reserved 1048576K
}

