# JRE version: OpenJDK Runtime Environment (17.0.10) (build 17.0.10+0--11572160)
# Java VM: OpenJDK 64-Bit Server VM (17.0.10+0--11572160, mixed mode, tiered, compressed oops, compressed class ptrs, g1 gc, windows-amd64)
GC Precious Log:
 CPUs: 8 total, 8 available
 Memory: 11178M
 Large Page Support: Disabled
 NUMA Support: Disabled
 Compressed Oops: Enabled (32-bit)
 Heap Region Size: 1M
 Heap Min Capacity: 8M
 Heap Initial Capacity: 176M
 Heap Max Capacity: 2G
 Pre-touch: Disabled
 Parallel Workers: 8
 Concurrent Workers: 2
 Concurrent Refinement Workers: 8
 Periodic GC: Disabled
Heap:
 garbage-first heap   total 420864K, used 144517K [0x0000000080000000, 0x0000000100000000)
  region size 1024K, 14 young (14336K), 14 survivors (14336K)
 Metaspace       used 132290K, committed 132992K, reserved 1179648K
  class space    used 16910K, committed 17216K, reserved 1048576K
GC Heap History (20 events):
Event: 59.053 GC heap after
{Heap after GC invocations=107 (full 0):
 garbage-first heap   total 399360K, used 126791K [0x0000000080000000, 0x0000000100000000)
  region size 1024K, 14 young (14336K), 14 survivors (14336K)
 Metaspace       used 115835K, committed 116480K, reserved 1179648K
  class space    used 15002K, committed 15296K, reserved 1048576K
}
Event: 59.132 GC heap before
{Heap before GC invocations=107 (full 0):
 garbage-first heap   total 399360K, used 131911K [0x0000000080000000, 0x0000000100000000)
  region size 1024K, 19 young (19456K), 14 survivors (14336K)
 Metaspace       used 116676K, committed 117312K, reserved 1179648K
  class space    used 15092K, committed 15360K, reserved 1048576K
}
Event: 59.141 GC heap after
{Heap after GC invocations=108 (full 0):
 garbage-first heap   total 399360K, used 124069K [0x0000000080000000, 0x0000000100000000)
  region size 1024K, 2 young (2048K), 2 survivors (2048K)
 Metaspace       used 116676K, committed 117312K, reserved 1179648K
  class space    used 15092K, committed 15360K, reserved 1048576K
}
Event: 61.689 GC heap before
{Heap before GC invocations=108 (full 0):
 garbage-first heap   total 399360K, used 329893K [0x0000000080000000, 0x0000000100000000)
  region size 1024K, 202 young (206848K), 2 survivors (2048K)
 Metaspace       used 128065K, committed 128704K, reserved 1179648K
  class space    used 16479K, committed 16768K, reserved 1048576K
}
Event: 61.701 GC heap after
{Heap after GC invocations=109 (full 0):
 garbage-first heap   total 399360K, used 129860K [0x0000000080000000, 0x0000000100000000)
  region size 1024K, 8 young (8192K), 8 survivors (8192K)
 Metaspace       used 128065K, committed 128704K, reserved 1179648K
  class space    used 16479K, committed 16768K, reserved 1048576K
}
Event: 63.741 GC heap before
{Heap before GC invocations=109 (full 0):
 garbage-first heap   total 399360K, used 331588K [0x0000000080000000, 0x0000000100000000)
  region size 1024K, 203 young (207872K), 8 survivors (8192K)
 Metaspace       used 131977K, committed 132672K, reserved 1179648K
  class space    used 16909K, committed 17216K, reserved 1048576K
}
Event: 63.752 GC heap after
{Heap after GC invocations=110 (full 0):
 garbage-first heap   total 399360K, used 133208K [0x0000000080000000, 0x0000000100000000)
  region size 1024K, 9 young (9216K), 9 survivors (9216K)
 Metaspace       used 131977K, committed 132672K, reserved 1179648K
  class space    used 16909K, committed 17216K, reserved 1048576K
}
Event: 64.197 GC heap before
{Heap before GC invocations=110 (full 0):
 garbage-first heap   total 399360K, used 330840K [0x0000000080000000, 0x0000000100000000)
  region size 1024K, 203 young (207872K), 9 survivors (9216K)
 Metaspace       used 132085K, committed 132800K, reserved 1179648K
  class space    used 16909K, committed 17216K, reserved 1048576K
}
Event: 64.209 GC heap after
{Heap after GC invocations=111 (full 0):
 garbage-first heap   total 399360K, used 133674K [0x0000000080000000, 0x0000000100000000)
  region size 1024K, 10 young (10240K), 10 survivors (10240K)
 Metaspace       used 132085K, committed 132800K, reserved 1179648K
  class space    used 16909K, committed 17216K, reserved 1048576K
}
Event: 64.745 GC heap before
{Heap before GC invocations=111 (full 0):
 garbage-first heap   total 399360K, used 340522K [0x0000000080000000, 0x0000000100000000)
  region size 1024K, 208 young (212992K), 10 survivors (10240K)
 Metaspace       used 132175K, committed 132928K, reserved 1179648K
  class space    used 16910K, committed 17216K, reserved 1048576K
}
Event: 64.759 GC heap after
{Heap after GC invocations=112 (full 0):
 garbage-first heap   total 399360K, used 137592K [0x0000000080000000, 0x0000000100000000)
  region size 1024K, 12 young (12288K), 12 survivors (12288K)
 Metaspace       used 132175K, committed 132928K, reserved 1179648K
  class space    used 16910K, committed 17216K, reserved 1048576K
}
Event: 65.220 GC heap before
{Heap before GC invocations=112 (full 0):
 garbage-first heap   total 399360K, used 339320K [0x0000000080000000, 0x0000000100000000)
  region size 1024K, 209 young (214016K), 12 survivors (12288K)
 Metaspace       used 132199K, committed 132928K, reserved 1179648K
  class space    used 16910K, committed 17216K, reserved 1048576K
}
Event: 65.233 GC heap after
{Heap after GC invocations=113 (full 0):
 garbage-first heap   total 399360K, used 139136K [0x0000000080000000, 0x0000000100000000)
  region size 1024K, 13 young (13312K), 13 survivors (13312K)
 Metaspace       used 132199K, committed 132928K, reserved 1179648K
  class space    used 16910K, committed 17216K, reserved 1048576K
}
Event: 65.570 GC heap before
{Heap before GC invocations=113 (full 0):
 garbage-first heap   total 399360K, used 343936K [0x0000000080000000, 0x0000000100000000)
  region size 1024K, 212 young (217088K), 13 survivors (13312K)
 Metaspace       used 132205K, committed 132928K, reserved 1179648K
  class space    used 16910K, committed 17216K, reserved 1048576K
}
Event: 65.583 GC heap after
{Heap after GC invocations=114 (full 0):
 garbage-first heap   total 399360K, used 141477K [0x0000000080000000, 0x0000000100000000)
  region size 1024K, 14 young (14336K), 14 survivors (14336K)
 Metaspace       used 132205K, committed 132928K, reserved 1179648K
  class space    used 16910K, committed 17216K, reserved 1048576K
}
Event: 66.043 GC heap before
{Heap before GC invocations=114 (full 0):
 garbage-first heap   total 399360K, used 343205K [0x0000000080000000, 0x0000000100000000)
  region size 1024K, 212 young (217088K), 14 survivors (14336K)
 Metaspace       used 132264K, committed 132992K, reserved 1179648K
  class space    used 16910K, committed 17216K, reserved 1048576K
}
Event: 66.058 GC heap after
{Heap after GC invocations=115 (full 0):
 garbage-first heap   total 399360K, used 141477K [0x0000000080000000, 0x0000000100000000)
  region size 1024K, 14 young (14336K), 14 survivors (14336K)
 Metaspace       used 132264K, committed 132992K, reserved 1179648K
  class space    used 16910K, committed 17216K, reserved 1048576K
}
Event: 66.446 GC heap before
{Heap before GC invocations=115 (full 0):
 garbage-first heap   total 399360K, used 344229K [0x0000000080000000, 0x0000000100000000)
  region size 1024K, 212 young (217088K), 14 survivors (14336K)
 Metaspace       used 132287K, committed 132992K, reserved 1179648K
  class space    used 16910K, committed 17216K, reserved 1048576K
}
Event: 66.462 GC heap after
{Heap after GC invocations=116 (full 0):
 garbage-first heap   total 399360K, used 142818K [0x0000000080000000, 0x0000000100000000)
  region size 1024K, 16 young (16384K), 16 survivors (16384K)
 Metaspace       used 132287K, committed 132992K, reserved 1179648K
  class space    used 16910K, committed 17216K, reserved 1048576K
}
Event: 66.809 GC heap before
{Heap before GC invocations=116 (full 0):
 garbage-first heap   total 399360K, used 340450K [0x0000000080000000, 0x0000000100000000)
  region size 1024K, 211 young (216064K), 16 survivors (16384K)
 Metaspace       used 132290K, committed 132992K, reserved 1179648K
  class space    used 16910K, committed 17216K, reserved 1048576K
}

