# JRE version: OpenJDK Runtime Environment (17.0.10) (build 17.0.10+0--11572160)
# Java VM: OpenJDK 64-Bit Server VM (17.0.10+0--11572160, mixed mode, tiered, compressed oops, compressed class ptrs, g1 gc, windows-amd64)
GC Precious Log:
 CPUs: 8 total, 8 available
 Memory: 11178M
 Large Page Support: Disabled
 NUMA Support: Disabled
 Compressed Oops: Enabled (32-bit)
 Heap Region Size: 1M
 Heap Min Capacity: 8M
 Heap Initial Capacity: 176M
 Heap Max Capacity: 2G
 Pre-touch: Disabled
 Parallel Workers: 8
 Concurrent Workers: 2
 Concurrent Refinement Workers: 8
 Periodic GC: Disabled
Heap:
 garbage-first heap   total 322560K, used 185450K [0x0000000080000000, 0x0000000100000000)
  region size 1024K, 4 young (4096K), 4 survivors (4096K)
 Metaspace       used 154349K, committed 155136K, reserved 1245184K
  class space    used 19699K, committed 20032K, reserved 1048576K
GC Heap History (20 events):
Event: 66.833 GC heap after
{Heap after GC invocations=109 (full 0):
 garbage-first heap   total 284672K, used 151695K [0x0000000080000000, 0x0000000100000000)
  region size 1024K, 15 young (15360K), 15 survivors (15360K)
 Metaspace       used 108189K, committed 108992K, reserved 1179648K
  class space    used 14550K, committed 14912K, reserved 1048576K
}
Event: 67.074 GC heap before
{Heap before GC invocations=109 (full 0):
 garbage-first heap   total 284672K, used 168079K [0x0000000080000000, 0x0000000100000000)
  region size 1024K, 32 young (32768K), 15 survivors (15360K)
 Metaspace       used 110274K, committed 111040K, reserved 1179648K
  class space    used 14804K, committed 15168K, reserved 1048576K
}
Event: 67.089 GC heap after
{Heap after GC invocations=110 (full 0):
 garbage-first heap   total 284672K, used 154923K [0x0000000080000000, 0x0000000100000000)
  region size 1024K, 3 young (3072K), 3 survivors (3072K)
 Metaspace       used 110274K, committed 111040K, reserved 1179648K
  class space    used 14804K, committed 15168K, reserved 1048576K
}
Event: 68.183 GC heap before
{Heap before GC invocations=111 (full 0):
 garbage-first heap   total 284672K, used 238891K [0x0000000080000000, 0x0000000100000000)
  region size 1024K, 78 young (79872K), 3 survivors (3072K)
 Metaspace       used 117250K, committed 118080K, reserved 1179648K
  class space    used 15500K, committed 15872K, reserved 1048576K
}
Event: 68.191 GC heap after
{Heap after GC invocations=112 (full 0):
 garbage-first heap   total 284672K, used 166638K [0x0000000080000000, 0x0000000100000000)
  region size 1024K, 7 young (7168K), 7 survivors (7168K)
 Metaspace       used 117250K, committed 118080K, reserved 1179648K
  class space    used 15500K, committed 15872K, reserved 1048576K
}
Event: 68.315 GC heap before
{Heap before GC invocations=112 (full 0):
 garbage-first heap   total 284672K, used 172782K [0x0000000080000000, 0x0000000100000000)
  region size 1024K, 13 young (13312K), 7 survivors (7168K)
 Metaspace       used 118089K, committed 118848K, reserved 1179648K
  class space    used 15590K, committed 15936K, reserved 1048576K
}
Event: 68.321 GC heap after
{Heap after GC invocations=113 (full 0):
 garbage-first heap   total 284672K, used 165760K [0x0000000080000000, 0x0000000100000000)
  region size 1024K, 1 young (1024K), 1 survivors (1024K)
 Metaspace       used 118089K, committed 118848K, reserved 1179648K
  class space    used 15590K, committed 15936K, reserved 1048576K
}
Event: 69.240 GC heap before
{Heap before GC invocations=113 (full 0):
 garbage-first heap   total 284672K, used 216960K [0x0000000080000000, 0x0000000100000000)
  region size 1024K, 52 young (53248K), 1 survivors (1024K)
 Metaspace       used 124429K, committed 125248K, reserved 1179648K
  class space    used 16409K, committed 16768K, reserved 1048576K
}
Event: 69.245 GC heap after
{Heap after GC invocations=114 (full 0):
 garbage-first heap   total 284672K, used 168179K [0x0000000080000000, 0x0000000100000000)
  region size 1024K, 4 young (4096K), 4 survivors (4096K)
 Metaspace       used 124429K, committed 125248K, reserved 1179648K
  class space    used 16409K, committed 16768K, reserved 1048576K
}
Event: 70.234 GC heap before
{Heap before GC invocations=115 (full 0):
 garbage-first heap   total 322560K, used 238835K [0x0000000080000000, 0x0000000100000000)
  region size 1024K, 72 young (73728K), 4 survivors (4096K)
 Metaspace       used 126902K, committed 127680K, reserved 1179648K
  class space    used 16687K, committed 17024K, reserved 1048576K
}
Event: 70.245 GC heap after
{Heap after GC invocations=116 (full 0):
 garbage-first heap   total 322560K, used 173354K [0x0000000080000000, 0x0000000100000000)
  region size 1024K, 9 young (9216K), 9 survivors (9216K)
 Metaspace       used 126902K, committed 127680K, reserved 1179648K
  class space    used 16687K, committed 17024K, reserved 1048576K
}
Event: 70.283 GC heap before
{Heap before GC invocations=116 (full 0):
 garbage-first heap   total 322560K, used 179498K [0x0000000080000000, 0x0000000100000000)
  region size 1024K, 15 young (15360K), 9 survivors (9216K)
 Metaspace       used 126908K, committed 127680K, reserved 1179648K
  class space    used 16687K, committed 17024K, reserved 1048576K
}
Event: 70.291 GC heap after
{Heap after GC invocations=117 (full 0):
 garbage-first heap   total 322560K, used 173011K [0x0000000080000000, 0x0000000100000000)
  region size 1024K, 2 young (2048K), 2 survivors (2048K)
 Metaspace       used 126908K, committed 127680K, reserved 1179648K
  class space    used 16687K, committed 17024K, reserved 1048576K
}
Event: 72.446 GC heap before
{Heap before GC invocations=117 (full 0):
 garbage-first heap   total 322560K, used 264147K [0x0000000080000000, 0x0000000100000000)
  region size 1024K, 91 young (93184K), 2 survivors (2048K)
 Metaspace       used 133291K, committed 134080K, reserved 1179648K
  class space    used 17300K, committed 17664K, reserved 1048576K
}
Event: 72.454 GC heap after
{Heap after GC invocations=118 (full 0):
 garbage-first heap   total 322560K, used 180150K [0x0000000080000000, 0x0000000100000000)
  region size 1024K, 9 young (9216K), 9 survivors (9216K)
 Metaspace       used 133291K, committed 134080K, reserved 1179648K
  class space    used 17300K, committed 17664K, reserved 1048576K
}
Event: 74.191 GC heap before
{Heap before GC invocations=119 (full 0):
 garbage-first heap   total 322560K, used 265142K [0x0000000080000000, 0x0000000100000000)
  region size 1024K, 92 young (94208K), 9 survivors (9216K)
 Metaspace       used 144532K, committed 145344K, reserved 1179648K
  class space    used 18517K, committed 18880K, reserved 1048576K
}
Event: 74.203 GC heap after
{Heap after GC invocations=120 (full 0):
 garbage-first heap   total 322560K, used 183976K [0x0000000080000000, 0x0000000100000000)
  region size 1024K, 4 young (4096K), 4 survivors (4096K)
 Metaspace       used 144532K, committed 145344K, reserved 1179648K
  class space    used 18517K, committed 18880K, reserved 1048576K
}
Event: 74.427 GC heap before
{Heap before GC invocations=120 (full 0):
 garbage-first heap   total 322560K, used 195240K [0x0000000080000000, 0x0000000100000000)
  region size 1024K, 15 young (15360K), 4 survivors (4096K)
 Metaspace       used 146182K, committed 146944K, reserved 1179648K
  class space    used 18673K, committed 19008K, reserved 1048576K
}
Event: 74.434 GC heap after
{Heap after GC invocations=121 (full 0):
 garbage-first heap   total 322560K, used 183173K [0x0000000080000000, 0x0000000100000000)
  region size 1024K, 1 young (1024K), 1 survivors (1024K)
 Metaspace       used 146182K, committed 146944K, reserved 1179648K
  class space    used 18673K, committed 19008K, reserved 1048576K
}
Event: 75.893 GC heap before
{Heap before GC invocations=121 (full 0):
 garbage-first heap   total 322560K, used 270213K [0x0000000080000000, 0x0000000100000000)
  region size 1024K, 85 young (87040K), 1 survivors (1024K)
 Metaspace       used 154349K, committed 155136K, reserved 1245184K
  class space    used 19699K, committed 20032K, reserved 1048576K
}

