# JRE version: OpenJDK Runtime Environment (17.0.10) (build 17.0.10+0--11572160)
# Java VM: OpenJDK 64-Bit Server VM (17.0.10+0--11572160, mixed mode, tiered, compressed oops, compressed class ptrs, g1 gc, windows-amd64)
GC Precious Log:
 CPUs: 8 total, 8 available
 Memory: 11178M
 Large Page Support: Disabled
 NUMA Support: Disabled
 Compressed Oops: Enabled (32-bit)
 Heap Region Size: 1M
 Heap Min Capacity: 8M
 Heap Initial Capacity: 176M
 Heap Max Capacity: 2G
 Pre-touch: Disabled
 Parallel Workers: 8
 Concurrent Workers: 2
 Concurrent Refinement Workers: 8
 Periodic GC: Disabled
Heap:
 garbage-first heap   total 429056K, used 156897K [0x0000000080000000, 0x0000000100000000)
  region size 1024K, 3 young (3072K), 3 survivors (3072K)
 Metaspace       used 135137K, committed 135872K, reserved 1179648K
  class space    used 17232K, committed 17536K, reserved 1048576K
GC Heap History (20 events):
Event: 68.796 GC heap after
{Heap after GC invocations=135 (full 0):
 garbage-first heap   total 429056K, used 185691K [0x0000000080000000, 0x0000000100000000)
  region size 1024K, 9 young (9216K), 9 survivors (9216K)
 Metaspace       used 135085K, committed 135808K, reserved 1179648K
  class space    used 17232K, committed 17536K, reserved 1048576K
}
Event: 69.267 GC heap before
{Heap before GC invocations=135 (full 0):
 garbage-first heap   total 429056K, used 375131K [0x0000000080000000, 0x0000000100000000)
  region size 1024K, 194 young (198656K), 9 survivors (9216K)
 Metaspace       used 135086K, committed 135808K, reserved 1179648K
  class space    used 17232K, committed 17536K, reserved 1048576K
}
Event: 69.272 GC heap after
{Heap after GC invocations=136 (full 0):
 garbage-first heap   total 429056K, used 180946K [0x0000000080000000, 0x0000000100000000)
  region size 1024K, 6 young (6144K), 6 survivors (6144K)
 Metaspace       used 135086K, committed 135808K, reserved 1179648K
  class space    used 17232K, committed 17536K, reserved 1048576K
}
Event: 69.789 GC heap before
{Heap before GC invocations=136 (full 0):
 garbage-first heap   total 429056K, used 376530K [0x0000000080000000, 0x0000000100000000)
  region size 1024K, 198 young (202752K), 6 survivors (6144K)
 Metaspace       used 135104K, committed 135808K, reserved 1179648K
  class space    used 17232K, committed 17536K, reserved 1048576K
}
Event: 69.797 GC heap after
{Heap after GC invocations=137 (full 0):
 garbage-first heap   total 429056K, used 179051K [0x0000000080000000, 0x0000000100000000)
  region size 1024K, 5 young (5120K), 5 survivors (5120K)
 Metaspace       used 135104K, committed 135808K, reserved 1179648K
  class space    used 17232K, committed 17536K, reserved 1048576K
}
Event: 70.161 GC heap before
{Heap before GC invocations=137 (full 0):
 garbage-first heap   total 429056K, used 379755K [0x0000000080000000, 0x0000000100000000)
  region size 1024K, 198 young (202752K), 5 survivors (5120K)
 Metaspace       used 135107K, committed 135808K, reserved 1179648K
  class space    used 17232K, committed 17536K, reserved 1048576K
}
Event: 70.167 GC heap after
{Heap after GC invocations=138 (full 0):
 garbage-first heap   total 429056K, used 179065K [0x0000000080000000, 0x0000000100000000)
  region size 1024K, 5 young (5120K), 5 survivors (5120K)
 Metaspace       used 135107K, committed 135808K, reserved 1179648K
  class space    used 17232K, committed 17536K, reserved 1048576K
}
Event: 70.515 GC heap before
{Heap before GC invocations=138 (full 0):
 garbage-first heap   total 429056K, used 377721K [0x0000000080000000, 0x0000000100000000)
  region size 1024K, 199 young (203776K), 5 survivors (5120K)
 Metaspace       used 135118K, committed 135808K, reserved 1179648K
  class space    used 17232K, committed 17536K, reserved 1048576K
}
Event: 70.520 GC heap after
{Heap after GC invocations=139 (full 0):
 garbage-first heap   total 429056K, used 178439K [0x0000000080000000, 0x0000000100000000)
  region size 1024K, 5 young (5120K), 5 survivors (5120K)
 Metaspace       used 135118K, committed 135808K, reserved 1179648K
  class space    used 17232K, committed 17536K, reserved 1048576K
}
Event: 71.063 GC heap before
{Heap before GC invocations=139 (full 0):
 garbage-first heap   total 429056K, used 378119K [0x0000000080000000, 0x0000000100000000)
  region size 1024K, 199 young (203776K), 5 survivors (5120K)
 Metaspace       used 135125K, committed 135872K, reserved 1179648K
  class space    used 17232K, committed 17536K, reserved 1048576K
}
Event: 71.087 GC heap after
{Heap after GC invocations=140 (full 0):
 garbage-first heap   total 429056K, used 193587K [0x0000000080000000, 0x0000000100000000)
  region size 1024K, 17 young (17408K), 17 survivors (17408K)
 Metaspace       used 135125K, committed 135872K, reserved 1179648K
  class space    used 17232K, committed 17536K, reserved 1048576K
}
Event: 71.540 GC heap before
{Heap before GC invocations=140 (full 0):
 garbage-first heap   total 429056K, used 368691K [0x0000000080000000, 0x0000000100000000)
  region size 1024K, 184 young (188416K), 17 survivors (17408K)
 Metaspace       used 135137K, committed 135872K, reserved 1179648K
  class space    used 17232K, committed 17536K, reserved 1048576K
}
Event: 71.563 GC heap after
{Heap after GC invocations=141 (full 0):
 garbage-first heap   total 429056K, used 203712K [0x0000000080000000, 0x0000000100000000)
  region size 1024K, 8 young (8192K), 8 survivors (8192K)
 Metaspace       used 135137K, committed 135872K, reserved 1179648K
  class space    used 17232K, committed 17536K, reserved 1048576K
}
Event: 71.856 GC heap before
{Heap before GC invocations=141 (full 0):
 garbage-first heap   total 429056K, used 327616K [0x0000000080000000, 0x0000000100000000)
  region size 1024K, 131 young (134144K), 8 survivors (8192K)
 Metaspace       used 135137K, committed 135872K, reserved 1179648K
  class space    used 17232K, committed 17536K, reserved 1048576K
}
Event: 71.869 GC heap after
{Heap after GC invocations=142 (full 0):
 garbage-first heap   total 429056K, used 204216K [0x0000000080000000, 0x0000000100000000)
  region size 1024K, 9 young (9216K), 9 survivors (9216K)
 Metaspace       used 135137K, committed 135872K, reserved 1179648K
  class space    used 17232K, committed 17536K, reserved 1048576K
}
Event: 72.414 GC heap before
{Heap before GC invocations=143 (full 0):
 garbage-first heap   total 429056K, used 340408K [0x0000000080000000, 0x0000000100000000)
  region size 1024K, 167 young (171008K), 9 survivors (9216K)
 Metaspace       used 135137K, committed 135872K, reserved 1179648K
  class space    used 17232K, committed 17536K, reserved 1048576K
}
Event: 72.440 GC heap after
{Heap after GC invocations=144 (full 0):
 garbage-first heap   total 429056K, used 179428K [0x0000000080000000, 0x0000000100000000)
  region size 1024K, 10 young (10240K), 10 survivors (10240K)
 Metaspace       used 135137K, committed 135872K, reserved 1179648K
  class space    used 17232K, committed 17536K, reserved 1048576K
}
Event: 72.465 GC heap before
{Heap before GC invocations=144 (full 0):
 garbage-first heap   total 429056K, used 188644K [0x0000000080000000, 0x0000000100000000)
  region size 1024K, 20 young (20480K), 10 survivors (10240K)
 Metaspace       used 135137K, committed 135872K, reserved 1179648K
  class space    used 17232K, committed 17536K, reserved 1048576K
}
Event: 72.488 GC heap after
{Heap after GC invocations=145 (full 0):
 garbage-first heap   total 429056K, used 155702K [0x0000000080000000, 0x0000000100000000)
  region size 1024K, 1 young (1024K), 1 survivors (1024K)
 Metaspace       used 135137K, committed 135872K, reserved 1179648K
  class space    used 17232K, committed 17536K, reserved 1048576K
}
Event: 72.768 GC heap before
{Heap before GC invocations=145 (full 0):
 garbage-first heap   total 429056K, used 364598K [0x0000000080000000, 0x0000000100000000)
  region size 1024K, 205 young (209920K), 1 survivors (1024K)
 Metaspace       used 135137K, committed 135872K, reserved 1179648K
  class space    used 17232K, committed 17536K, reserved 1048576K
}

