# JRE version: OpenJDK Runtime Environment (17.0.10) (build 17.0.10+0--11572160)
# Java VM: OpenJDK 64-Bit Server VM (17.0.10+0--11572160, mixed mode, tiered, compressed oops, compressed class ptrs, g1 gc, windows-amd64)
GC Precious Log:
 CPUs: 8 total, 8 available
 Memory: 11178M
 Large Page Support: Disabled
 NUMA Support: Disabled
 Compressed Oops: Enabled (32-bit)
 Heap Region Size: 1M
 Heap Min Capacity: 8M
 Heap Initial Capacity: 176M
 Heap Max Capacity: 2G
 Pre-touch: Disabled
 Parallel Workers: 8
 Concurrent Workers: 2
 Concurrent Refinement Workers: 8
 Periodic GC: Disabled
Heap:
 garbage-first heap   total 342016K, used 244905K [0x0000000080000000, 0x0000000100000000)
  region size 1024K, 98 young (100352K), 8 survivors (8192K)
 Metaspace       used 136551K, committed 137152K, reserved 1179648K
  class space    used 17329K, committed 17600K, reserved 1048576K
GC Heap History (20 events):
Event: 57.368 GC heap before
{Heap before GC invocations=85 (full 0):
 garbage-first heap   total 342016K, used 293193K [0x0000000080000000, 0x0000000100000000)
  region size 1024K, 178 young (182272K), 7 survivors (7168K)
 Metaspace       used 135744K, committed 136320K, reserved 1179648K
  class space    used 17261K, committed 17536K, reserved 1048576K
}
Event: 57.375 GC heap after
{Heap after GC invocations=86 (full 0):
 garbage-first heap   total 342016K, used 121904K [0x0000000080000000, 0x0000000100000000)
  region size 1024K, 10 young (10240K), 10 survivors (10240K)
 Metaspace       used 135744K, committed 136320K, reserved 1179648K
  class space    used 17261K, committed 17536K, reserved 1048576K
}
Event: 58.227 GC heap before
{Heap before GC invocations=86 (full 0):
 garbage-first heap   total 342016K, used 297008K [0x0000000080000000, 0x0000000100000000)
  region size 1024K, 178 young (182272K), 10 survivors (10240K)
 Metaspace       used 135891K, committed 136448K, reserved 1179648K
  class space    used 17286K, committed 17536K, reserved 1048576K
}
Event: 58.251 GC heap after
{Heap after GC invocations=87 (full 0):
 garbage-first heap   total 342016K, used 142059K [0x0000000080000000, 0x0000000100000000)
  region size 1024K, 23 young (23552K), 23 survivors (23552K)
 Metaspace       used 135891K, committed 136448K, reserved 1179648K
  class space    used 17286K, committed 17536K, reserved 1048576K
}
Event: 58.815 GC heap before
{Heap before GC invocations=87 (full 0):
 garbage-first heap   total 342016K, used 273131K [0x0000000080000000, 0x0000000100000000)
  region size 1024K, 150 young (153600K), 23 survivors (23552K)
 Metaspace       used 136218K, committed 136832K, reserved 1179648K
  class space    used 17327K, committed 17600K, reserved 1048576K
}
Event: 58.839 GC heap after
{Heap after GC invocations=88 (full 0):
 garbage-first heap   total 342016K, used 148874K [0x0000000080000000, 0x0000000100000000)
  region size 1024K, 5 young (5120K), 5 survivors (5120K)
 Metaspace       used 136218K, committed 136832K, reserved 1179648K
  class space    used 17327K, committed 17600K, reserved 1048576K
}
Event: 59.399 GC heap before
{Heap before GC invocations=88 (full 0):
 garbage-first heap   total 342016K, used 275850K [0x0000000080000000, 0x0000000100000000)
  region size 1024K, 130 young (133120K), 5 survivors (5120K)
 Metaspace       used 136278K, committed 136896K, reserved 1179648K
  class space    used 17327K, committed 17600K, reserved 1048576K
}
Event: 59.404 GC heap after
{Heap after GC invocations=89 (full 0):
 garbage-first heap   total 342016K, used 147698K [0x0000000080000000, 0x0000000100000000)
  region size 1024K, 4 young (4096K), 4 survivors (4096K)
 Metaspace       used 136278K, committed 136896K, reserved 1179648K
  class space    used 17327K, committed 17600K, reserved 1048576K
}
Event: 59.898 GC heap before
{Heap before GC invocations=89 (full 0):
 garbage-first heap   total 342016K, used 280818K [0x0000000080000000, 0x0000000100000000)
  region size 1024K, 135 young (138240K), 4 survivors (4096K)
 Metaspace       used 136437K, committed 137088K, reserved 1179648K
  class space    used 17329K, committed 17600K, reserved 1048576K
}
Event: 59.905 GC heap after
{Heap after GC invocations=90 (full 0):
 garbage-first heap   total 342016K, used 147788K [0x0000000080000000, 0x0000000100000000)
  region size 1024K, 4 young (4096K), 4 survivors (4096K)
 Metaspace       used 136437K, committed 137088K, reserved 1179648K
  class space    used 17329K, committed 17600K, reserved 1048576K
}
Event: 60.376 GC heap before
{Heap before GC invocations=90 (full 0):
 garbage-first heap   total 342016K, used 286028K [0x0000000080000000, 0x0000000100000000)
  region size 1024K, 139 young (142336K), 4 survivors (4096K)
 Metaspace       used 136457K, committed 137088K, reserved 1179648K
  class space    used 17329K, committed 17600K, reserved 1048576K
}
Event: 60.386 GC heap after
{Heap after GC invocations=91 (full 0):
 garbage-first heap   total 342016K, used 154219K [0x0000000080000000, 0x0000000100000000)
  region size 1024K, 9 young (9216K), 9 survivors (9216K)
 Metaspace       used 136457K, committed 137088K, reserved 1179648K
  class space    used 17329K, committed 17600K, reserved 1048576K
}
Event: 60.706 GC heap before
{Heap before GC invocations=91 (full 0):
 garbage-first heap   total 342016K, used 288363K [0x0000000080000000, 0x0000000100000000)
  region size 1024K, 138 young (141312K), 9 survivors (9216K)
 Metaspace       used 136487K, committed 137088K, reserved 1179648K
  class space    used 17329K, committed 17600K, reserved 1048576K
}
Event: 60.714 GC heap after
{Heap after GC invocations=92 (full 0):
 garbage-first heap   total 342016K, used 153214K [0x0000000080000000, 0x0000000100000000)
  region size 1024K, 6 young (6144K), 6 survivors (6144K)
 Metaspace       used 136487K, committed 137088K, reserved 1179648K
  class space    used 17329K, committed 17600K, reserved 1048576K
}
Event: 61.012 GC heap before
{Heap before GC invocations=92 (full 0):
 garbage-first heap   total 342016K, used 287358K [0x0000000080000000, 0x0000000100000000)
  region size 1024K, 138 young (141312K), 6 survivors (6144K)
 Metaspace       used 136489K, committed 137088K, reserved 1179648K
  class space    used 17329K, committed 17600K, reserved 1048576K
}
Event: 61.018 GC heap after
{Heap after GC invocations=93 (full 0):
 garbage-first heap   total 342016K, used 154415K [0x0000000080000000, 0x0000000100000000)
  region size 1024K, 7 young (7168K), 7 survivors (7168K)
 Metaspace       used 136489K, committed 137088K, reserved 1179648K
  class space    used 17329K, committed 17600K, reserved 1048576K
}
Event: 61.391 GC heap before
{Heap before GC invocations=93 (full 0):
 garbage-first heap   total 342016K, used 290607K [0x0000000080000000, 0x0000000100000000)
  region size 1024K, 141 young (144384K), 7 survivors (7168K)
 Metaspace       used 136494K, committed 137088K, reserved 1179648K
  class space    used 17329K, committed 17600K, reserved 1048576K
}
Event: 61.397 GC heap after
{Heap after GC invocations=94 (full 0):
 garbage-first heap   total 342016K, used 153943K [0x0000000080000000, 0x0000000100000000)
  region size 1024K, 7 young (7168K), 7 survivors (7168K)
 Metaspace       used 136494K, committed 137088K, reserved 1179648K
  class space    used 17329K, committed 17600K, reserved 1048576K
}
Event: 61.860 GC heap before
{Heap before GC invocations=94 (full 0):
 garbage-first heap   total 342016K, used 292183K [0x0000000080000000, 0x0000000100000000)
  region size 1024K, 143 young (146432K), 7 survivors (7168K)
 Metaspace       used 136499K, committed 137152K, reserved 1179648K
  class space    used 17329K, committed 17600K, reserved 1048576K
}
Event: 61.868 GC heap after
{Heap after GC invocations=95 (full 0):
 garbage-first heap   total 342016K, used 154793K [0x0000000080000000, 0x0000000100000000)
  region size 1024K, 8 young (8192K), 8 survivors (8192K)
 Metaspace       used 136499K, committed 137152K, reserved 1179648K
  class space    used 17329K, committed 17600K, reserved 1048576K
}

